#-----------------------------------------------------------
# Vivado v2023.1 (64-bit)
# SW Build 3865809 on Sun May  7 15:05:29 MDT 2023
# IP Build 3864474 on Sun May  7 20:36:21 MDT 2023
# SharedData Build 3865790 on Sun May 07 13:33:03 MDT 2023
# Start of session at: Mon Nov 11 13:34:59 2024
# Process ID: 21136
# Current directory: C:/Users/cyril/Desktop/My/Workspace/esL1/esL1_SignalGenerator
# Command line: vivado.exe -mode batch -source prog.tcl
# Log file: C:/Users/cyril/Desktop/My/Workspace/esL1/esL1_SignalGenerator/vivado.log
# Journal file: C:/Users/cyril/Desktop/My/Workspace/esL1/esL1_SignalGenerator\vivado.jou
# Running On: Acer-Spin, OS: Windows, CPU Frequency: 2496 MHz, CPU Physical cores: 12, Host memory: 16870 MB
#-----------------------------------------------------------
source prog.tcl
# open_hw_manager
open_hw_manager: Time (s): cpu = 00:00:01 ; elapsed = 00:00:05 . Memory (MB): peak = 434.273 ; gain = 164.777
# connect_hw_server
INFO: [Labtools 27-2285] Connecting to hw_server url TCP:localhost:3121
INFO: [Labtools 27-2222] Launching hw_server...
INFO: [Labtools 27-2221] Launch Output:
ECHO ist ausgeschaltet (OFF).
ECHO ist ausgeschaltet (OFF).

****** Xilinx hw_server v2023.1
  **** Build date : May  7 2023 at 15:26:57
    ** Copyright 1986-2022 Xilinx, Inc. All Rights Reserved.


INFO: [Labtools 27-3415] Connecting to cs_server url TCP:localhost:0
INFO: [Labtools 27-3417] Launching cs_server...
INFO: [Labtools 27-2221] Launch Output:
ECHO ist ausgeschaltet (OFF).
ECHO ist ausgeschaltet (OFF).


******** Xilinx cs_server v2023.1.0
  ****** Build date   : Apr 10 2023-17:59:24
    **** Build number : 2023.1.1681142364
      ** Copyright 2017-2022 Xilinx, Inc. All Rights Reserved.
      ** Copyright 2022-2024 Advanced Micro Devices, Inc. All Rights Reserved.



# current_hw_target
# open_hw_target
INFO: [Labtoolstcl 44-466] Opening hw_target localhost:3121/xilinx_tcf/Digilent/210351AF24F2A
# set_property PROGRAM.FILE ./output/top.bit [current_hw_device]
# program_hw_devices [current_hw_device]
INFO: [Labtools 27-3164] End of startup status: HIGH
INFO: [Common 17-206] Exiting Vivado at Mon Nov 11 13:35:12 2024...
