#-----------------------------------------------------------
# Vivado v2023.1 (64-bit)
# SW Build 3865809 on Sun May  7 15:05:29 MDT 2023
# IP Build 3864474 on Sun May  7 20:36:21 MDT 2023
# SharedData Build 3865790 on Sun May 07 13:33:03 MDT 2023
# Start of session at: Mon Nov 11 15:23:38 2024
# Process ID: 10744
# Current directory: C:/Users/cyril/Desktop/My/Workspace/esL1/esL1_SignalGenerator
# Command line: vivado.exe -mode batch -source prog.tcl
# Log file: C:/Users/cyril/Desktop/My/Workspace/esL1/esL1_SignalGenerator/vivado.log
# Journal file: C:/Users/cyril/Desktop/My/Workspace/esL1/esL1_SignalGenerator\vivado.jou
# Running On: Acer-Spin, OS: Windows, CPU Frequency: 2496 MHz, CPU Physical cores: 12, Host memory: 16870 MB
#-----------------------------------------------------------
source prog.tcl
# open_hw_manager
open_hw_manager: Time (s): cpu = 00:00:03 ; elapsed = 00:00:05 . Memory (MB): peak = 435.223 ; gain = 165.770
# connect_hw_server
INFO: [Labtools 27-2285] Connecting to hw_server url TCP:localhost:3121
INFO: [Labtools 27-2222] Launching hw_server...
INFO: [Labtools 27-2221] Launch Output:
ECHO ist ausgeschaltet (OFF).
ECHO ist ausgeschaltet (OFF).

****** Xilinx hw_server v2023.1
  **** Build date : May  7 2023 at 15:26:57
    ** Copyright 1986-2022 Xilinx, Inc. All Rights Reserved.


INFO: [Labtools 27-3415] Connecting to cs_server url TCP:localhost:0
INFO: [Labtools 27-3417] Launching cs_server...
INFO: [Labtools 27-2221] Launch Output:
ECHO ist ausgeschaltet (OFF).
ECHO ist ausgeschaltet (OFF).


******** Xilinx cs_server v2023.1.0
  ****** Build date   : Apr 10 2023-17:59:24
    **** Build number : 2023.1.1681142364
      ** Copyright 2017-2022 Xilinx, Inc. All Rights Reserved.
      ** Copyright 2022-2024 Advanced Micro Devices, Inc. All Rights Reserved.



connect_hw_server: Time (s): cpu = 00:00:00 ; elapsed = 00:00:05 . Memory (MB): peak = 461.305 ; gain = 26.082
# current_hw_target
WARNING: [Labtools 27-1339] No hardware targets exist on the server [Check to make sure the cable targets connected to this machine are properly connected
and powered up, then use the disconnect_hw_server and connect_hw_server commands
to re-register the hardware targets.
]
# open_hw_target
ERROR: [Labtoolstcl 44-469] There is no current hw_target.
INFO: [Common 17-206] Exiting Vivado at Mon Nov 11 15:23:51 2024...
